<?xml version="1.0" encoding="UTF-8"?>
<!-- Generated by org.testng.reporters.JUnitReportReporter -->
<testsuite skipped="1" hostname="LAPTOP-DLPLTUJQ" name="Regression.TC01" tests="1" failures="0" timestamp="2020-02-07T04:42:14 IST" time="0.000" errors="0">
  <testcase name="Login_01" time="0.000" classname="Regression.TC01">
    <skipped/>
  </testcase> <!-- Login_01 -->
</testsuite> <!-- Regression.TC01 -->
